23:06:40,293 Infos [org.jboss.modules] JBoss Modules version 1.1.1.GA
23:06:40,554 INFO  [org.jboss.msc] JBoss MSC version 1.0.2.GA
23:06:40,624 INFO  [org.jboss.as] JBAS015899: JBoss AS 7.1.1.Final "Brontes" starting
23:06:40,624 DEBUG [org.jboss.as.config] Configured system properties:
	awt.toolkit = sun.awt.windows.WToolkit
	file.encoding = Cp1252
	file.encoding.pkg = sun.io
	file.separator = \
	java.awt.graphicsenv = sun.awt.Win32GraphicsEnvironment
	java.awt.printerjob = sun.awt.windows.WPrinterJob
	java.class.path = C:\Users\DELL\Desktop\mvn\integCon\target\jboss-as-run\jboss-as-7.1.1.Final\jboss-modules.jar
	java.class.version = 51.0
	java.endorsed.dirs = C:\Program Files (x86)\Java\jre7\lib\endorsed
	java.ext.dirs = C:\Program Files (x86)\Java\jre7\lib\ext;C:\Windows\Sun\Java\lib\ext
	java.home = C:\Program Files (x86)\Java\jre7
	java.io.tmpdir = C:\Users\DELL\AppData\Local\Temp\
	java.library.path = C:\Program Files (x86)\Java\jre7\bin;C:\Windows\Sun\Java\bin;C:\Windows\system32;C:\Windows;C:/Program Files (x86)/Java/jre7/bin/client;C:/Program Files (x86)/Java/jre7/bin;C:/Program Files (x86)/Java/jre7/lib/i386;C:\Program Files\Common Files\Microsoft Shared\Windows Live;C:\Program Files (x86)\Common Files\Microsoft Shared\Windows Live;C:\Windows\system32;C:\Windows;C:\Windows\System32\Wbem;C:\Windows\System32\WindowsPowerShell\v1.0\;C:\Program Files (x86)\Windows Live\Shared;C:\Program Files (x86)\MySQL\MySQL Utilities 1.3.4\;C:\wamp\bin\php\php5.3.9;C:\Program Files (x86)\Java\jdk1.7.0_45\bin;C:\Program Files (x86)\Windows Kits\8.1\Windows Performance Toolkit\;C:\Program Files\Microsoft SQL Server\110\Tools\Binn\;C:\Users\DELL\Documents\dev\maven\bin;C:\eclipse;;.
	java.net.preferIPv4Stack = true
	java.runtime.name = Java(TM) SE Runtime Environment
	java.runtime.version = 1.7.0_45-b18
	java.specification.name = Java Platform API Specification
	java.specification.vendor = Oracle Corporation
	java.specification.version = 1.7
	java.util.logging.manager = org.jboss.logmanager.LogManager
	java.vendor = Oracle Corporation
	java.vendor.url = http://java.oracle.com/
	java.vendor.url.bug = http://bugreport.sun.com/bugreport/
	java.version = 1.7.0_45
	java.vm.info = mixed mode, sharing
	java.vm.name = Java HotSpot(TM) Client VM
	java.vm.specification.name = Java Virtual Machine Specification
	java.vm.specification.vendor = Oracle Corporation
	java.vm.specification.version = 1.7
	java.vm.vendor = Oracle Corporation
	java.vm.version = 24.45-b08
	javax.management.builder.initial = org.jboss.as.jmx.PluggableMBeanServerBuilder
	javax.xml.datatype.DatatypeFactory = __redirected.__DatatypeFactory
	javax.xml.parsers.DocumentBuilderFactory = __redirected.__DocumentBuilderFactory
	javax.xml.parsers.SAXParserFactory = __redirected.__SAXParserFactory
	javax.xml.stream.XMLEventFactory = __redirected.__XMLEventFactory
	javax.xml.stream.XMLInputFactory = __redirected.__XMLInputFactory
	javax.xml.stream.XMLOutputFactory = __redirected.__XMLOutputFactory
	javax.xml.transform.TransformerFactory = __redirected.__TransformerFactory
	javax.xml.validation.SchemaFactory:http://www.w3.org/2001/XMLSchema = __redirected.__SchemaFactory
	javax.xml.xpath.XPathFactory:http://java.sun.com/jaxp/xpath/dom = __redirected.__XPathFactory
	jboss.bundles.dir = C:\Users\DELL\Desktop\mvn\integCon\target\jboss-as-run\jboss-as-7.1.1.Final\bundles
	jboss.home.dir = C:\Users\DELL\Desktop\mvn\integCon\target\jboss-as-run\jboss-as-7.1.1.Final
	jboss.host.name = dell-n5050
	jboss.modules.dir = C:\Users\DELL\Desktop\mvn\integCon\target\jboss-as-run\jboss-as-7.1.1.Final\modules
	jboss.node.name = dell-n5050
	jboss.qualified.host.name = dell-n5050
	jboss.server.base.dir = C:\Users\DELL\Desktop\mvn\integCon\target\jboss-as-run\jboss-as-7.1.1.Final\standalone
	jboss.server.config.dir = C:\Users\DELL\Desktop\mvn\integCon\target\jboss-as-run\jboss-as-7.1.1.Final\standalone\configuration
	jboss.server.data.dir = C:\Users\DELL\Desktop\mvn\integCon\target\jboss-as-run\jboss-as-7.1.1.Final\standalone\data
	jboss.server.deploy.dir = C:\Users\DELL\Desktop\mvn\integCon\target\jboss-as-run\jboss-as-7.1.1.Final\standalone\data\content
	jboss.server.log.dir = C:\Users\DELL\Desktop\mvn\integCon\target\jboss-as-run\jboss-as-7.1.1.Final\standalone\log
	jboss.server.name = dell-n5050
	jboss.server.temp.dir = C:\Users\DELL\Desktop\mvn\integCon\target\jboss-as-run\jboss-as-7.1.1.Final\standalone\tmp
	line.separator = 

	logging.configuration = file:C:\Users\DELL\Desktop\mvn\integCon\target\jboss-as-run\jboss-as-7.1.1.Final/standalone/configuration/logging.properties
	module.path = C:\Users\DELL\Desktop\mvn\integCon\target\jboss-as-run\jboss-as-7.1.1.Final\modules
	org.jboss.boot.log.file = C:\Users\DELL\Desktop\mvn\integCon\target\jboss-as-run\jboss-as-7.1.1.Final/standalone/log/boot.log
	org.jboss.resolver.warning = true
	org.xml.sax.driver = __redirected.__XMLReaderFactory
	os.arch = x86
	os.name = Windows 7
	os.version = 6.1
	path.separator = ;
	sun.arch.data.model = 32
	sun.boot.class.path = C:\Program Files (x86)\Java\jre7\lib\resources.jar;C:\Program Files (x86)\Java\jre7\lib\rt.jar;C:\Program Files (x86)\Java\jre7\lib\sunrsasign.jar;C:\Program Files (x86)\Java\jre7\lib\jsse.jar;C:\Program Files (x86)\Java\jre7\lib\jce.jar;C:\Program Files (x86)\Java\jre7\lib\charsets.jar;C:\Program Files (x86)\Java\jre7\lib\jfr.jar;C:\Program Files (x86)\Java\jre7\classes
	sun.boot.library.path = C:\Program Files (x86)\Java\jre7\bin
	sun.cpu.endian = little
	sun.cpu.isalist = pentium_pro+mmx pentium_pro pentium+mmx pentium i486 i386 i86
	sun.desktop = windows
	sun.io.unicode.encoding = UnicodeLittle
	sun.java.command = C:\Users\DELL\Desktop\mvn\integCon\target\jboss-as-run\jboss-as-7.1.1.Final\jboss-modules.jar -mp C:\Users\DELL\Desktop\mvn\integCon\target\jboss-as-run\jboss-as-7.1.1.Final\modules -jaxpmodule javax.xml.jaxp-provider org.jboss.as.standalone
	sun.java.launcher = SUN_STANDARD
	sun.jnu.encoding = Cp1252
	sun.management.compiler = HotSpot Client Compiler
	sun.os.patch.level = Service Pack 1
	sun.rmi.dgc.client.gcInterval = 3600000
	sun.rmi.dgc.server.gcInterval = 3600000
	user.country = FR
	user.dir = C:\Users\DELL\Desktop\mvn\integCon
	user.home = C:\Users\DELL
	user.language = fr
	user.name = DELL
	user.script = 
	user.timezone = Europe/Paris
	user.variant = 
23:06:40,655 DEBUG [org.jboss.as.config] VM Arguments: -Xms64m -Xmx512m -XX:MaxPermSize=256m -Djava.net.preferIPv4Stack=true -Dorg.jboss.resolver.warning=true -Dsun.rmi.dgc.client.gcInterval=3600000 -Dsun.rmi.dgc.server.gcInterval=3600000 -Djboss.home.dir=C:\Users\DELL\Desktop\mvn\integCon\target\jboss-as-run\jboss-as-7.1.1.Final -Dorg.jboss.boot.log.file=C:\Users\DELL\Desktop\mvn\integCon\target\jboss-as-run\jboss-as-7.1.1.Final/standalone/log/boot.log -Dlogging.configuration=file:C:\Users\DELL\Desktop\mvn\integCon\target\jboss-as-run\jboss-as-7.1.1.Final/standalone/configuration/logging.properties -Djboss.modules.dir=C:\Users\DELL\Desktop\mvn\integCon\target\jboss-as-run\jboss-as-7.1.1.Final\modules -Djboss.bundles.dir=C:\Users\DELL\Desktop\mvn\integCon\target\jboss-as-run\jboss-as-7.1.1.Final\bundles 
23:06:41,777 INFO  [org.xnio] XNIO Version 3.0.3.GA
23:06:41,777 INFO  [org.jboss.as.server] JBAS015888: Creating http management service using socket-binding (management-http)
23:06:41,787 INFO  [org.xnio.nio] XNIO NIO Implementation Version 3.0.3.GA
23:06:41,798 INFO  [org.jboss.remoting] JBoss Remoting version 3.2.3.GA
23:06:41,822 INFO  [org.jboss.as.logging] JBAS011502: Removing bootstrap log handlers
